0 info it worked if it ends with ok
1 verbose cli [ 'c:\\Program Files (x86)\\nodejs\\node.exe',
1 verbose cli   'c:\\Program Files (x86)\\nodejs\\node_modules\\npm\\bin\\npm-cli.js',
1 verbose cli   'install' ]
2 info using npm@1.1.48
3 info using node@v0.8.6
4 verbose config file C:\Users\pete\.npmrc
5 verbose config file c:\Program Files (x86)\nodejs\etc\npmrc
6 verbose config file c:\Program Files (x86)\nodejs\node_modules\npm\npmrc
7 verbose read json c:\Work\duncancook\Essilor\My Dropbox\dev\mood-organ\package.json
8 warn package.json moodorgan@0.0.0 No README.md file found!
9 verbose readDependencies using package.json deps
10 verbose install where, deps [ 'c:\\Work\\duncancook\\Essilor\\My Dropbox\\dev\\mood-organ',
10 verbose install   [ 'grunt',
10 verbose install     'grunt-autoprefixer',
10 verbose install     'grunt-bower-install',
10 verbose install     'grunt-concurrent',
10 verbose install     'grunt-contrib-clean',
10 verbose install     'grunt-contrib-coffee',
10 verbose install     'grunt-contrib-compass',
10 verbose install     'grunt-contrib-concat',
10 verbose install     'grunt-contrib-connect',
10 verbose install     'grunt-contrib-copy',
10 verbose install     'grunt-contrib-cssmin',
10 verbose install     'grunt-contrib-htmlmin',
10 verbose install     'grunt-contrib-imagemin',
10 verbose install     'grunt-contrib-jshint',
10 verbose install     'grunt-contrib-uglify',
10 verbose install     'grunt-contrib-watch',
10 verbose install     'grunt-google-cdn',
10 verbose install     'grunt-newer',
10 verbose install     'grunt-ngmin',
10 verbose install     'grunt-rev',
10 verbose install     'grunt-svgmin',
10 verbose install     'grunt-usemin',
10 verbose install     'jshint-stylish',
10 verbose install     'load-grunt-tasks',
10 verbose install     'time-grunt',
10 verbose install     'karma-ng-scenario',
10 verbose install     'grunt-karma',
10 verbose install     'karma-script-launcher',
10 verbose install     'karma-chrome-launcher',
10 verbose install     'karma-firefox-launcher',
10 verbose install     'karma-html2js-preprocessor',
10 verbose install     'karma-jasmine',
10 verbose install     'requirejs',
10 verbose install     'karma-requirejs',
10 verbose install     'karma-coffee-preprocessor',
10 verbose install     'karma-phantomjs-launcher',
10 verbose install     'karma',
10 verbose install     'karma-ng-html2js-preprocessor' ] ]
11 verbose from cache c:\Work\duncancook\Essilor\My Dropbox\dev\mood-organ\package.json
12 info preinstall moodorgan@0.0.0
13 verbose read json c:\Work\duncancook\Essilor\My Dropbox\dev\mood-organ\node_modules\grunt\package.json
14 verbose read json c:\Work\duncancook\Essilor\My Dropbox\dev\mood-organ\node_modules\grunt-autoprefixer\package.json
15 verbose read json c:\Work\duncancook\Essilor\My Dropbox\dev\mood-organ\node_modules\grunt-bower-install\package.json
16 verbose read json c:\Work\duncancook\Essilor\My Dropbox\dev\mood-organ\node_modules\grunt-concurrent\package.json
17 verbose read json c:\Work\duncancook\Essilor\My Dropbox\dev\mood-organ\node_modules\grunt-contrib-clean\package.json
18 verbose read json c:\Work\duncancook\Essilor\My Dropbox\dev\mood-organ\node_modules\grunt-contrib-coffee\package.json
19 verbose read json c:\Work\duncancook\Essilor\My Dropbox\dev\mood-organ\node_modules\grunt-contrib-compass\package.json
20 verbose read json c:\Work\duncancook\Essilor\My Dropbox\dev\mood-organ\node_modules\grunt-contrib-concat\package.json
21 verbose read json c:\Work\duncancook\Essilor\My Dropbox\dev\mood-organ\node_modules\grunt-contrib-connect\package.json
22 verbose read json c:\Work\duncancook\Essilor\My Dropbox\dev\mood-organ\node_modules\grunt-contrib-copy\package.json
23 verbose read json c:\Work\duncancook\Essilor\My Dropbox\dev\mood-organ\node_modules\grunt-contrib-cssmin\package.json
24 verbose read json c:\Work\duncancook\Essilor\My Dropbox\dev\mood-organ\node_modules\grunt-contrib-htmlmin\package.json
25 verbose read json c:\Work\duncancook\Essilor\My Dropbox\dev\mood-organ\node_modules\grunt-contrib-imagemin\package.json
26 verbose read json c:\Work\duncancook\Essilor\My Dropbox\dev\mood-organ\node_modules\grunt-contrib-jshint\package.json
27 verbose read json c:\Work\duncancook\Essilor\My Dropbox\dev\mood-organ\node_modules\grunt-contrib-uglify\package.json
28 verbose read json c:\Work\duncancook\Essilor\My Dropbox\dev\mood-organ\node_modules\grunt-contrib-watch\package.json
29 verbose read json c:\Work\duncancook\Essilor\My Dropbox\dev\mood-organ\node_modules\grunt-google-cdn\package.json
30 verbose read json c:\Work\duncancook\Essilor\My Dropbox\dev\mood-organ\node_modules\grunt-karma\package.json
31 verbose read json c:\Work\duncancook\Essilor\My Dropbox\dev\mood-organ\node_modules\grunt-newer\package.json
32 verbose read json c:\Work\duncancook\Essilor\My Dropbox\dev\mood-organ\node_modules\grunt-ngmin\package.json
33 verbose read json c:\Work\duncancook\Essilor\My Dropbox\dev\mood-organ\node_modules\grunt-rev\package.json
34 verbose read json c:\Work\duncancook\Essilor\My Dropbox\dev\mood-organ\node_modules\grunt-svgmin\package.json
35 verbose read json c:\Work\duncancook\Essilor\My Dropbox\dev\mood-organ\node_modules\grunt-usemin\package.json
36 verbose read json c:\Work\duncancook\Essilor\My Dropbox\dev\mood-organ\node_modules\jshint-stylish\package.json
37 verbose read json c:\Work\duncancook\Essilor\My Dropbox\dev\mood-organ\node_modules\karma\package.json
38 verbose read json c:\Work\duncancook\Essilor\My Dropbox\dev\mood-organ\node_modules\karma-chrome-launcher\package.json
39 verbose read json c:\Work\duncancook\Essilor\My Dropbox\dev\mood-organ\node_modules\karma-coffee-preprocessor\package.json
40 verbose read json c:\Work\duncancook\Essilor\My Dropbox\dev\mood-organ\node_modules\karma-firefox-launcher\package.json
41 verbose read json c:\Work\duncancook\Essilor\My Dropbox\dev\mood-organ\node_modules\karma-html2js-preprocessor\package.json
42 verbose read json c:\Work\duncancook\Essilor\My Dropbox\dev\mood-organ\node_modules\karma-jasmine\package.json
43 verbose read json c:\Work\duncancook\Essilor\My Dropbox\dev\mood-organ\node_modules\karma-ng-html2js-preprocessor\package.json
44 verbose read json c:\Work\duncancook\Essilor\My Dropbox\dev\mood-organ\node_modules\karma-ng-scenario\package.json
45 verbose read json c:\Work\duncancook\Essilor\My Dropbox\dev\mood-organ\node_modules\karma-phantomjs-launcher\package.json
46 verbose read json c:\Work\duncancook\Essilor\My Dropbox\dev\mood-organ\node_modules\karma-requirejs\package.json
47 verbose read json c:\Work\duncancook\Essilor\My Dropbox\dev\mood-organ\node_modules\karma-script-launcher\package.json
48 verbose read json c:\Work\duncancook\Essilor\My Dropbox\dev\mood-organ\node_modules\load-grunt-tasks\package.json
49 verbose read json c:\Work\duncancook\Essilor\My Dropbox\dev\mood-organ\node_modules\requirejs\package.json
50 verbose read json c:\Work\duncancook\Essilor\My Dropbox\dev\mood-organ\node_modules\time-grunt\package.json
51 verbose from cache c:\Work\duncancook\Essilor\My Dropbox\dev\mood-organ\package.json
52 verbose readDependencies using package.json deps
53 verbose read json c:\Work\duncancook\Essilor\My Dropbox\dev\mood-organ\node_modules\.bin\package.json
54 verbose from cache c:\Work\duncancook\Essilor\My Dropbox\dev\mood-organ\node_modules\grunt\package.json
55 verbose from cache c:\Work\duncancook\Essilor\My Dropbox\dev\mood-organ\node_modules\grunt-autoprefixer\package.json
56 verbose from cache c:\Work\duncancook\Essilor\My Dropbox\dev\mood-organ\node_modules\grunt-bower-install\package.json
57 verbose from cache c:\Work\duncancook\Essilor\My Dropbox\dev\mood-organ\node_modules\grunt-concurrent\package.json
58 verbose from cache c:\Work\duncancook\Essilor\My Dropbox\dev\mood-organ\node_modules\grunt-contrib-clean\package.json
59 verbose from cache c:\Work\duncancook\Essilor\My Dropbox\dev\mood-organ\node_modules\grunt-contrib-coffee\package.json
60 verbose from cache c:\Work\duncancook\Essilor\My Dropbox\dev\mood-organ\node_modules\grunt-contrib-compass\package.json
61 verbose from cache c:\Work\duncancook\Essilor\My Dropbox\dev\mood-organ\node_modules\grunt-contrib-concat\package.json
62 verbose from cache c:\Work\duncancook\Essilor\My Dropbox\dev\mood-organ\node_modules\grunt-contrib-connect\package.json
63 verbose from cache c:\Work\duncancook\Essilor\My Dropbox\dev\mood-organ\node_modules\grunt-contrib-copy\package.json
64 verbose from cache c:\Work\duncancook\Essilor\My Dropbox\dev\mood-organ\node_modules\grunt-contrib-cssmin\package.json
65 verbose from cache c:\Work\duncancook\Essilor\My Dropbox\dev\mood-organ\node_modules\grunt-contrib-htmlmin\package.json
66 verbose from cache c:\Work\duncancook\Essilor\My Dropbox\dev\mood-organ\node_modules\grunt-contrib-imagemin\package.json
67 verbose from cache c:\Work\duncancook\Essilor\My Dropbox\dev\mood-organ\node_modules\grunt-contrib-jshint\package.json
68 verbose from cache c:\Work\duncancook\Essilor\My Dropbox\dev\mood-organ\node_modules\grunt-contrib-uglify\package.json
69 verbose from cache c:\Work\duncancook\Essilor\My Dropbox\dev\mood-organ\node_modules\grunt-contrib-watch\package.json
70 verbose from cache c:\Work\duncancook\Essilor\My Dropbox\dev\mood-organ\node_modules\grunt-google-cdn\package.json
71 verbose from cache c:\Work\duncancook\Essilor\My Dropbox\dev\mood-organ\node_modules\grunt-karma\package.json
72 verbose from cache c:\Work\duncancook\Essilor\My Dropbox\dev\mood-organ\node_modules\grunt-newer\package.json
73 verbose from cache c:\Work\duncancook\Essilor\My Dropbox\dev\mood-organ\node_modules\grunt-ngmin\package.json
74 verbose from cache c:\Work\duncancook\Essilor\My Dropbox\dev\mood-organ\node_modules\grunt-rev\package.json
75 verbose from cache c:\Work\duncancook\Essilor\My Dropbox\dev\mood-organ\node_modules\grunt-svgmin\package.json
76 verbose from cache c:\Work\duncancook\Essilor\My Dropbox\dev\mood-organ\node_modules\grunt-usemin\package.json
77 verbose from cache c:\Work\duncancook\Essilor\My Dropbox\dev\mood-organ\node_modules\jshint-stylish\package.json
78 verbose from cache c:\Work\duncancook\Essilor\My Dropbox\dev\mood-organ\node_modules\karma\package.json
79 verbose from cache c:\Work\duncancook\Essilor\My Dropbox\dev\mood-organ\node_modules\karma-chrome-launcher\package.json
80 verbose from cache c:\Work\duncancook\Essilor\My Dropbox\dev\mood-organ\node_modules\karma-coffee-preprocessor\package.json
81 verbose from cache c:\Work\duncancook\Essilor\My Dropbox\dev\mood-organ\node_modules\karma-firefox-launcher\package.json
82 verbose from cache c:\Work\duncancook\Essilor\My Dropbox\dev\mood-organ\node_modules\karma-html2js-preprocessor\package.json
83 verbose from cache c:\Work\duncancook\Essilor\My Dropbox\dev\mood-organ\node_modules\karma-jasmine\package.json
84 verbose from cache c:\Work\duncancook\Essilor\My Dropbox\dev\mood-organ\node_modules\karma-ng-html2js-preprocessor\package.json
85 verbose from cache c:\Work\duncancook\Essilor\My Dropbox\dev\mood-organ\node_modules\karma-ng-scenario\package.json
86 verbose from cache c:\Work\duncancook\Essilor\My Dropbox\dev\mood-organ\node_modules\karma-phantomjs-launcher\package.json
87 verbose from cache c:\Work\duncancook\Essilor\My Dropbox\dev\mood-organ\node_modules\karma-requirejs\package.json
88 verbose from cache c:\Work\duncancook\Essilor\My Dropbox\dev\mood-organ\node_modules\karma-script-launcher\package.json
89 verbose from cache c:\Work\duncancook\Essilor\My Dropbox\dev\mood-organ\node_modules\load-grunt-tasks\package.json
90 verbose from cache c:\Work\duncancook\Essilor\My Dropbox\dev\mood-organ\node_modules\requirejs\package.json
91 verbose from cache c:\Work\duncancook\Essilor\My Dropbox\dev\mood-organ\node_modules\time-grunt\package.json
92 verbose already installed skipping grunt-google-cdn@~0.2.0 c:\Work\duncancook\Essilor\My Dropbox\dev\mood-organ
93 verbose already installed skipping grunt-contrib-concat@~0.3.0 c:\Work\duncancook\Essilor\My Dropbox\dev\mood-organ
94 verbose already installed skipping grunt-newer@~0.5.4 c:\Work\duncancook\Essilor\My Dropbox\dev\mood-organ
95 verbose already installed skipping grunt-contrib-connect@~0.5.0 c:\Work\duncancook\Essilor\My Dropbox\dev\mood-organ
96 verbose already installed skipping grunt-ngmin@~0.0.2 c:\Work\duncancook\Essilor\My Dropbox\dev\mood-organ
97 verbose already installed skipping grunt-contrib-copy@~0.4.1 c:\Work\duncancook\Essilor\My Dropbox\dev\mood-organ
98 verbose already installed skipping grunt-rev@~0.1.0 c:\Work\duncancook\Essilor\My Dropbox\dev\mood-organ
99 verbose already installed skipping grunt-contrib-cssmin@~0.7.0 c:\Work\duncancook\Essilor\My Dropbox\dev\mood-organ
100 verbose already installed skipping grunt-contrib-htmlmin@~0.1.3 c:\Work\duncancook\Essilor\My Dropbox\dev\mood-organ
101 verbose already installed skipping grunt-contrib-imagemin@~0.3.0 c:\Work\duncancook\Essilor\My Dropbox\dev\mood-organ
102 verbose already installed skipping grunt-contrib-jshint@~0.7.1 c:\Work\duncancook\Essilor\My Dropbox\dev\mood-organ
103 verbose already installed skipping grunt-contrib-uglify@~0.2.0 c:\Work\duncancook\Essilor\My Dropbox\dev\mood-organ
104 verbose already installed skipping grunt-contrib-watch@~0.5.2 c:\Work\duncancook\Essilor\My Dropbox\dev\mood-organ
105 verbose already installed skipping requirejs@~2.1.10 c:\Work\duncancook\Essilor\My Dropbox\dev\mood-organ
106 verbose already installed skipping grunt-svgmin@~0.2.0 c:\Work\duncancook\Essilor\My Dropbox\dev\mood-organ
107 verbose already installed skipping karma-requirejs@~0.2.1 c:\Work\duncancook\Essilor\My Dropbox\dev\mood-organ
108 verbose already installed skipping grunt-usemin@~2.0.0 c:\Work\duncancook\Essilor\My Dropbox\dev\mood-organ
109 verbose already installed skipping karma-coffee-preprocessor@~0.1.2 c:\Work\duncancook\Essilor\My Dropbox\dev\mood-organ
110 verbose already installed skipping jshint-stylish@~0.1.3 c:\Work\duncancook\Essilor\My Dropbox\dev\mood-organ
111 verbose already installed skipping load-grunt-tasks@~0.2.0 c:\Work\duncancook\Essilor\My Dropbox\dev\mood-organ
112 verbose already installed skipping time-grunt@~0.2.1 c:\Work\duncancook\Essilor\My Dropbox\dev\mood-organ
113 verbose already installed skipping karma-ng-scenario@~0.1.0 c:\Work\duncancook\Essilor\My Dropbox\dev\mood-organ
114 verbose already installed skipping grunt-karma@~0.6.2 c:\Work\duncancook\Essilor\My Dropbox\dev\mood-organ
115 verbose already installed skipping karma-script-launcher@~0.1.0 c:\Work\duncancook\Essilor\My Dropbox\dev\mood-organ
116 verbose already installed skipping karma-chrome-launcher@~0.1.2 c:\Work\duncancook\Essilor\My Dropbox\dev\mood-organ
117 verbose already installed skipping karma-firefox-launcher@~0.1.3 c:\Work\duncancook\Essilor\My Dropbox\dev\mood-organ
118 verbose already installed skipping karma-html2js-preprocessor@~0.1.0 c:\Work\duncancook\Essilor\My Dropbox\dev\mood-organ
119 verbose already installed skipping karma-jasmine@~0.1.5 c:\Work\duncancook\Essilor\My Dropbox\dev\mood-organ
120 verbose cache add [ 'karma-phantomjs-launcher@~0.1.2', null ]
121 silly cache add name=undefined spec="karma-phantomjs-launcher@~0.1.2" args=["karma-phantomjs-launcher@~0.1.2",null]
122 verbose parsed url { pathname: 'karma-phantomjs-launcher@~0.1.2',
122 verbose parsed url   path: 'karma-phantomjs-launcher@~0.1.2',
122 verbose parsed url   href: 'karma-phantomjs-launcher@~0.1.2' }
123 silly cache add name="karma-phantomjs-launcher" spec="~0.1.2" args=["karma-phantomjs-launcher","~0.1.2"]
124 verbose parsed url { pathname: '~0.1.2', path: '~0.1.2', href: '~0.1.2' }
125 verbose addNamed [ 'karma-phantomjs-launcher', '~0.1.2' ]
126 verbose addNamed [ null, '>=0.1.2- <0.2.0-' ]
127 verbose already installed skipping karma@~0.10.9 c:\Work\duncancook\Essilor\My Dropbox\dev\mood-organ
128 verbose already installed skipping karma-ng-html2js-preprocessor@~0.1.0 c:\Work\duncancook\Essilor\My Dropbox\dev\mood-organ
129 verbose already installed skipping grunt@~0.4.1 c:\Work\duncancook\Essilor\My Dropbox\dev\mood-organ
130 verbose already installed skipping grunt-autoprefixer@~0.4.0 c:\Work\duncancook\Essilor\My Dropbox\dev\mood-organ
131 verbose already installed skipping grunt-bower-install@~0.7.0 c:\Work\duncancook\Essilor\My Dropbox\dev\mood-organ
132 verbose already installed skipping grunt-concurrent@~0.4.1 c:\Work\duncancook\Essilor\My Dropbox\dev\mood-organ
133 verbose already installed skipping grunt-contrib-clean@~0.5.0 c:\Work\duncancook\Essilor\My Dropbox\dev\mood-organ
134 verbose already installed skipping grunt-contrib-coffee@~0.7.0 c:\Work\duncancook\Essilor\My Dropbox\dev\mood-organ
135 verbose already installed skipping grunt-contrib-compass@~0.6.0 c:\Work\duncancook\Essilor\My Dropbox\dev\mood-organ
136 silly lockFile 2b5ef104-karma-phantomjs-launcher-0-1-2 karma-phantomjs-launcher@~0.1.2
137 verbose lock karma-phantomjs-launcher@~0.1.2 C:\Users\pete\AppData\Roaming\npm-cache\2b5ef104-karma-phantomjs-launcher-0-1-2.lock
138 silly addNameRange { name: 'karma-phantomjs-launcher',
138 silly addNameRange   range: '>=0.1.2- <0.2.0-',
138 silly addNameRange   hasData: false }
139 verbose url raw karma-phantomjs-launcher
140 verbose url resolving [ 'https://registry.npmjs.org/', './karma-phantomjs-launcher' ]
141 verbose url resolved https://registry.npmjs.org/karma-phantomjs-launcher
142 info retry registry request attempt 1 at 17:13:11
143 http GET https://registry.npmjs.org/karma-phantomjs-launcher
144 info retry will retry, error on last attempt: Error: SSL Error: CERT_UNTRUSTED
145 info retry registry request attempt 2 at 17:13:21
146 http GET https://registry.npmjs.org/karma-phantomjs-launcher
147 info retry will retry, error on last attempt: Error: SSL Error: CERT_UNTRUSTED
148 info retry registry request attempt 3 at 17:14:21
149 http GET https://registry.npmjs.org/karma-phantomjs-launcher
150 silly lockFile 2b5ef104-karma-phantomjs-launcher-0-1-2 karma-phantomjs-launcher@~0.1.2
151 error Error: SSL Error: CERT_UNTRUSTED
151 error     at ClientRequest.<anonymous> (c:\Program Files (x86)\nodejs\node_modules\npm\node_modules\request\main.js:440:26)
151 error     at ClientRequest.g (events.js:185:14)
151 error     at ClientRequest.EventEmitter.emit (events.js:88:17)
151 error     at HTTPParser.parserOnIncomingClient [as onIncoming] (http.js:1455:7)
151 error     at HTTPParser.parserOnHeadersComplete [as onHeadersComplete] (http.js:111:23)
151 error     at CleartextStream.socketOnData [as ondata] (http.js:1366:20)
151 error     at CleartextStream.CryptoStream._push (tls.js:485:27)
151 error     at SecurePair.cycle (tls.js:839:20)
151 error     at EncryptedStream.CryptoStream.write (tls.js:220:13)
151 error     at Socket.ondata (stream.js:38:26)
152 error If you need help, you may report this log at:
152 error     <http://github.com/isaacs/npm/issues>
152 error or email it to:
152 error     <npm-@googlegroups.com>
153 error System Windows_NT 6.1.7601
154 error command "c:\\Program Files (x86)\\nodejs\\node.exe" "c:\\Program Files (x86)\\nodejs\\node_modules\\npm\\bin\\npm-cli.js" "install"
155 error cwd c:\Work\duncancook\Essilor\My Dropbox\dev\mood-organ
156 error node -v v0.8.6
157 error npm -v 1.1.48
158 verbose exit [ 1, true ]
